<?xml version="1.0" encoding="UTF-8"?>
<!-- Generated by org.testng.reporters.JUnitReportReporter -->
<testsuite hostname="Surajits-MacBook-Air.local" name="com.test.LoginPageTest" tests="4" failures="0" timestamp="3 Apr 2019 06:45:23 GMT" time="38.479" errors="0">
  <testcase name="LogoImageTest" time="6.719" classname="com.test.LoginPageTest"/>
  <testcase name="loginTest" time="13.247" classname="com.test.LoginPageTest"/>
  <testcase name="verifyWrongEmailMessage" time="8.975" classname="com.test.LoginPageTest"/>
  <testcase name="verifyWrongPasswordMessage" time="9.538" classname="com.test.LoginPageTest"/>
</testsuite> <!-- com.test.LoginPageTest -->
