<?xml version="1.0" encoding="UTF-8"?>
<!-- Generated by org.testng.reporters.JUnitReportReporter -->
<testsuite hostname="Surajits-MacBook-Air.local" name="com.test.FreeTrialPageTest" tests="7" failures="0" timestamp="3 Apr 2019 06:42:07 GMT" time="90.466" errors="0">
  <testcase name="accountsAndBookkeeperPageTitleTest" time="13.023" classname="com.test.FreeTrialPageTest"/>
  <testcase name="privacyPageTitleTest" time="11.937" classname="com.test.FreeTrialPageTest"/>
  <testcase name="verifyErrorMessage" time="11.760" classname="com.test.FreeTrialPageTest"/>
  <testcase name="verifyWrongEmailMessage" time="9.133" classname="com.test.FreeTrialPageTest"/>
  <testcase name="createNewContact" time="21.505" classname="com.test.FreeTrialPageTest"/>
  <testcase name="termsPageTitleTest" time="11.520" classname="com.test.FreeTrialPageTest"/>
  <testcase name="fullOfferPageTitleTest" time="11.588" classname="com.test.FreeTrialPageTest"/>
</testsuite> <!-- com.test.FreeTrialPageTest -->
